Added Component: Designator=J1(CONN_142-0711-821_CIN)
Add component (AddParameter): Name = "Copyright"; Value = "Copyright (C) 2022 Ultra Librarian. All rights reserved."; VariantName = "[No Variations]"
Add component (AddParameter): Name = "Manufacturer_Part_Number"; Value = "142-0711-821"; VariantName = "[No Variations]"
Add component (AddParameter): Name = "Mfr_Name"; Value = "Cinch Connectivity Solutions"; VariantName = "[No Variations]"
Add component (AddParameter): Name = "RefDes"; Value = "RefDes"; VariantName = "[No Variations]"
Add component (AddParameter): Name = "Type"; Value = "DEV"; VariantName = "[No Variations]"
Added Component: Designator=J2(CONN_142-0711-821_CIN)
Add component (AddParameter): Name = "Copyright"; Value = "Copyright (C) 2022 Ultra Librarian. All rights reserved."; VariantName = "[No Variations]"
Add component (AddParameter): Name = "Manufacturer_Part_Number"; Value = "142-0711-821"; VariantName = "[No Variations]"
Add component (AddParameter): Name = "Mfr_Name"; Value = "Cinch Connectivity Solutions"; VariantName = "[No Variations]"
Add component (AddParameter): Name = "RefDes"; Value = "RefDes"; VariantName = "[No Variations]"
Add component (AddParameter): Name = "Type"; Value = "DEV"; VariantName = "[No Variations]"
Added Component: Designator=J3(CONN_142-0711-821_CIN)
Add component (AddParameter): Name = "Copyright"; Value = "Copyright (C) 2022 Ultra Librarian. All rights reserved."; VariantName = "[No Variations]"
Add component (AddParameter): Name = "Manufacturer_Part_Number"; Value = "142-0711-821"; VariantName = "[No Variations]"
Add component (AddParameter): Name = "Mfr_Name"; Value = "Cinch Connectivity Solutions"; VariantName = "[No Variations]"
Add component (AddParameter): Name = "RefDes"; Value = "RefDes"; VariantName = "[No Variations]"
Add component (AddParameter): Name = "Type"; Value = "DEV"; VariantName = "[No Variations]"
Added Pin To Net: NetName=NetC20_1 Pin=J1-1
Added Pin To Net: NetName=NetC28_2 Pin=J2-1
Added Pin To Net: NetName=NetC30_1 Pin=J3-1
Added Member To Class: ClassName=top_level Member=Component J1 142-0711-821
Added Member To Class: ClassName=top_level Member=Component J2 142-0711-821
Added Member To Class: ClassName=top_level Member=Component J3 142-0711-821
